<?xml version="1.0" encoding="UTF-8" standalone="yes"?>
<testsuites>
  <testsuite name="Demo with config 'Chrome'" tests="2" failure="2" timestamp="2022-05-17T18:23:45.620Z" skipped="0" failure-evaluating="0">
    <testcase name="Create Stuff" classname="testim.io.test" time="11.39" ownedBy="Ian Flanagan" ownerEmail="ian@testim.io">
      <failure message="Step Failed: Failed to install node packages Npm Install closed with exit code 1&#xA; stdout:  stderr: npm WARN tar TAR_ENTRY_ERROR EFBIG: file too large, write&#xA;npm ERR! process terminated&#xA;npm ERR! signal SIGXFSZ&#xA;&#xA;npm ERR! A complete log of this run can be found in:&#xA;npm ERR!     /Users/ianflanagan/.npm/_logs/2022-05-17T18_23_35_054Z-debug-0.log&#xA; More info at: https://app.testim.io/#/project/Nl44gNDvT6AoSSYrzwrO/branch/master/test/DwlERkffKghDbUVq?result-id=kf1zZPAPL7Rv3SDQ"/>
      <system-out>https://app.testim.io/#/project/Nl44gNDvT6AoSSYrzwrO/branch/master/test/DwlERkffKghDbUVq?result-id=kf1zZPAPL7Rv3SDQ</system-out>
    </testcase>
    <testcase name="Ian Global Export Test" classname="testim.io.test" time="0" ownedBy="Ian Flanagan" ownerEmail="ian@testim.io">
      <failure message="Step Failed: aborted"/>
      <system-out>https://app.testim.io/#/project/Nl44gNDvT6AoSSYrzwrO/branch/master/test/W6m3fpU2oYXGgLGl?result-id=PxJiqtf3OnDhTsmt</system-out>
    </testcase>
  </testsuite>
</testsuites>